[debug] [2019-04-16T23:54:53.587Z] ----------------------------------------------------------------------
[debug] [2019-04-16T23:54:53.589Z] Command:       /Users/oryan/.nvm/versions/node/v8.11.3/bin/node /Users/oryan/.nvm/versions/node/v8.11.3/bin/firebase deploy --only hosting:dashboard
[debug] [2019-04-16T23:54:53.589Z] CLI Version:   6.5.2
[debug] [2019-04-16T23:54:53.589Z] Platform:      darwin
[debug] [2019-04-16T23:54:53.589Z] Node Version:  v8.11.3
[debug] [2019-04-16T23:54:53.590Z] Time:          Wed Apr 17 2019 02:54:53 GMT+0300 (IDT)
[debug] [2019-04-16T23:54:53.590Z] ----------------------------------------------------------------------
[debug] 
[debug] [2019-04-16T23:54:53.609Z] > command requires scopes: ["email","openid","https://www.googleapis.com/auth/cloudplatformprojects.readonly","https://www.googleapis.com/auth/firebase","https://www.googleapis.com/auth/cloud-platform"]
[debug] [2019-04-16T23:54:53.610Z] > authorizing via signed-in user
[debug] [2019-04-16T23:54:53.610Z] [iam] checking project taskninja-2743c for permissions ["firebase.projects.get","firebasehosting.sites.update"]
[debug] [2019-04-16T23:54:53.611Z] > refreshing access token with scopes: ["email","https://www.googleapis.com/auth/cloud-platform","https://www.googleapis.com/auth/cloudplatformprojects.readonly","https://www.googleapis.com/auth/firebase","openid"]
[debug] [2019-04-16T23:54:53.612Z] >>> HTTP REQUEST POST https://www.googleapis.com/oauth2/v3/token  
 <request body omitted>
[debug] [2019-04-16T23:54:54.088Z] <<< HTTP RESPONSE 200
[debug] [2019-04-16T23:54:54.098Z] >>> HTTP REQUEST POST https://cloudresourcemanager.googleapis.com/v1/projects/taskninja-2743c:testIamPermissions  

[debug] [2019-04-16T23:54:55.142Z] <<< HTTP RESPONSE 200
[debug] [2019-04-16T23:54:55.143Z] >>> HTTP REQUEST GET https://firebase.googleapis.com/v1beta1/projects/taskninja-2743c  
 
[debug] [2019-04-16T23:54:55.607Z] <<< HTTP RESPONSE 200
[info] 
[info] === Deploying to 'taskninja-2743c'...
[info] 
[info] i  deploying hosting
[info] Running command: uglifyjs -m toplevel,eval -c -o public/dist/bundle.js public/js/src/FruitGame.js public/js/src/*.js
[info] ✔  hosting[game]: Finished running predeploy script.
[info] Running command: npm run build --prefix dashboard
